[2019-11-26 15:59:04,785] {taskinstance.py:630} INFO - Dependencies all met for <TaskInstance: project_pipeline.generate_historic_features 2019-11-26T14:57:18.155803+00:00 [queued]>
[2019-11-26 15:59:04,808] {taskinstance.py:630} INFO - Dependencies all met for <TaskInstance: project_pipeline.generate_historic_features 2019-11-26T14:57:18.155803+00:00 [queued]>
[2019-11-26 15:59:04,809] {taskinstance.py:841} INFO - 
--------------------------------------------------------------------------------
[2019-11-26 15:59:04,809] {taskinstance.py:842} INFO - Starting attempt 1 of 1
[2019-11-26 15:59:04,809] {taskinstance.py:843} INFO - 
--------------------------------------------------------------------------------
[2019-11-26 15:59:04,936] {taskinstance.py:862} INFO - Executing <Task(PythonOperator): generate_historic_features> on 2019-11-26T14:57:18.155803+00:00
[2019-11-26 15:59:04,936] {base_task_runner.py:133} INFO - Running: ['airflow', 'run', 'project_pipeline', 'generate_historic_features', '2019-11-26T14:57:18.155803+00:00', '--job_id', '16', '--pool', 'default_pool', '--raw', '-sd', 'DAGS_FOLDER/project_pipeline.py', '--cfg_path', '/tmp/tmpv4bblo99']
[2019-11-26 15:59:06,588] {base_task_runner.py:115} INFO - Job 16: Subtask generate_historic_features [2019-11-26 15:59:06,587] {__init__.py:51} INFO - Using executor SequentialExecutor
[2019-11-26 15:59:06,588] {base_task_runner.py:115} INFO - Job 16: Subtask generate_historic_features [2019-11-26 15:59:06,588] {dagbag.py:92} INFO - Filling up the DagBag from /home/exceptions/mlprojects/Airflow/sendyproject/dags/project_pipeline.py
[2019-11-26 15:59:06,907] {base_task_runner.py:115} INFO - Job 16: Subtask generate_historic_features [2019-11-26 15:59:06,906] {cli.py:545} INFO - Running <TaskInstance: project_pipeline.generate_historic_features 2019-11-26T14:57:18.155803+00:00 [running]> on host exceptions
[2019-11-26 15:59:06,917] {python_operator.py:105} INFO - Exporting the following env vars:
AIRFLOW_CTX_DAG_ID=project_pipeline
AIRFLOW_CTX_TASK_ID=generate_historic_features
AIRFLOW_CTX_EXECUTION_DATE=2019-11-26T14:57:18.155803+00:00
AIRFLOW_CTX_DAG_RUN_ID=manual__2019-11-26T14:57:18.155803+00:00
[2019-11-26 15:59:09,685] {logging_mixin.py:112} INFO - [2019-11-26 15:59:09,685] {local_task_job.py:124} WARNING - Time since last heartbeat(0.01 s) < heartrate(5.0 s), sleeping for 4.994708 s
[2019-11-26 15:59:14,394] {python_operator.py:114} INFO - Done. Returned value was: <feature_engineering.Generate_historical_features object at 0x7f1537842ef0>
[2019-11-26 15:59:14,907] {logging_mixin.py:112} INFO - [2019-11-26 15:59:14,906] {local_task_job.py:124} WARNING - Time since last heartbeat(0.01 s) < heartrate(5.0 s), sleeping for 4.992622 s
[2019-11-26 15:59:14,999] {base_task_runner.py:115} INFO - Job 16: Subtask generate_historic_features /home/exceptions/env/lib/python3.5/site-packages/airflow/configuration.py:627: DeprecationWarning: You have two airflow.cfg files: /home/exceptions/airflow/airflow.cfg and /home/exceptions/mlprojects/Airflow/sendyproject/airflow.cfg. Airflow used to look at ~/airflow/airflow.cfg, even when AIRFLOW_HOME was set to a different value. Airflow will now only read /home/exceptions/mlprojects/Airflow/sendyproject/airflow.cfg, and you should remove the other file
[2019-11-26 15:59:15,000] {base_task_runner.py:115} INFO - Job 16: Subtask generate_historic_features   category=DeprecationWarning,
[2019-11-26 15:59:19,907] {logging_mixin.py:112} INFO - [2019-11-26 15:59:19,905] {local_task_job.py:103} INFO - Task exited with return code 0
