[2019-11-26 21:30:18,212] {taskinstance.py:630} INFO - Dependencies all met for <TaskInstance: project_pipeline.make_predictions 2019-11-26T20:24:39.688462+00:00 [queued]>
[2019-11-26 21:30:18,233] {taskinstance.py:630} INFO - Dependencies all met for <TaskInstance: project_pipeline.make_predictions 2019-11-26T20:24:39.688462+00:00 [queued]>
[2019-11-26 21:30:18,233] {taskinstance.py:841} INFO - 
--------------------------------------------------------------------------------
[2019-11-26 21:30:18,233] {taskinstance.py:842} INFO - Starting attempt 1 of 1
[2019-11-26 21:30:18,233] {taskinstance.py:843} INFO - 
--------------------------------------------------------------------------------
[2019-11-26 21:30:18,374] {taskinstance.py:862} INFO - Executing <Task(PythonOperator): make_predictions> on 2019-11-26T20:24:39.688462+00:00
[2019-11-26 21:30:18,375] {base_task_runner.py:133} INFO - Running: ['airflow', 'run', 'project_pipeline', 'make_predictions', '2019-11-26T20:24:39.688462+00:00', '--job_id', '24', '--pool', 'default_pool', '--raw', '-sd', 'DAGS_FOLDER/project_pipeline.py', '--cfg_path', '/tmp/tmpcfpw5czf']
[2019-11-26 21:30:20,048] {base_task_runner.py:115} INFO - Job 24: Subtask make_predictions [2019-11-26 21:30:20,046] {__init__.py:51} INFO - Using executor SequentialExecutor
[2019-11-26 21:30:20,048] {base_task_runner.py:115} INFO - Job 24: Subtask make_predictions [2019-11-26 21:30:20,048] {dagbag.py:92} INFO - Filling up the DagBag from /home/exceptions/mlprojects/Airflow/sendyproject/dags/project_pipeline.py
[2019-11-26 21:30:20,704] {base_task_runner.py:115} INFO - Job 24: Subtask make_predictions [2019-11-26 21:30:20,703] {cli.py:545} INFO - Running <TaskInstance: project_pipeline.make_predictions 2019-11-26T20:24:39.688462+00:00 [running]> on host exceptions
[2019-11-26 21:30:20,715] {python_operator.py:105} INFO - Exporting the following env vars:
AIRFLOW_CTX_EXECUTION_DATE=2019-11-26T20:24:39.688462+00:00
AIRFLOW_CTX_DAG_RUN_ID=manual__2019-11-26T20:24:39.688462+00:00
AIRFLOW_CTX_TASK_ID=make_predictions
AIRFLOW_CTX_DAG_ID=project_pipeline
[2019-11-26 21:30:20,908] {logging_mixin.py:112} INFO - Starting predictions for Platform type 1
[2019-11-26 21:30:20,980] {logging_mixin.py:112} INFO - Appending predictions...
[2019-11-26 21:30:20,980] {logging_mixin.py:112} INFO - Finished predictions for platform 1
[2019-11-26 21:30:20,982] {logging_mixin.py:112} INFO - Starting predictions for Platform type 2
[2019-11-26 21:30:21,046] {logging_mixin.py:112} INFO - Appending predictions...
[2019-11-26 21:30:21,046] {logging_mixin.py:112} INFO - Finished predictions for platform 2
[2019-11-26 21:30:21,049] {logging_mixin.py:112} INFO - Starting predictions for Platform type 3
[2019-11-26 21:30:21,187] {logging_mixin.py:112} INFO - Appending predictions...
[2019-11-26 21:30:21,187] {logging_mixin.py:112} INFO - Finished predictions for platform 3
[2019-11-26 21:30:21,189] {logging_mixin.py:112} INFO - Starting predictions for Platform type 4
[2019-11-26 21:30:21,249] {logging_mixin.py:112} INFO - Appending predictions...
[2019-11-26 21:30:21,249] {logging_mixin.py:112} INFO - Finished predictions for platform 4
[2019-11-26 21:30:21,317] {python_operator.py:114} INFO - Done. Returned value was: <predict_tests.MakePredictions object at 0x7f3e6d67a748>
[2019-11-26 21:30:21,850] {base_task_runner.py:115} INFO - Job 24: Subtask make_predictions /home/exceptions/env/lib/python3.5/site-packages/airflow/configuration.py:627: DeprecationWarning: You have two airflow.cfg files: /home/exceptions/airflow/airflow.cfg and /home/exceptions/mlprojects/Airflow/sendyproject/airflow.cfg. Airflow used to look at ~/airflow/airflow.cfg, even when AIRFLOW_HOME was set to a different value. Airflow will now only read /home/exceptions/mlprojects/Airflow/sendyproject/airflow.cfg, and you should remove the other file
[2019-11-26 21:30:21,850] {base_task_runner.py:115} INFO - Job 24: Subtask make_predictions   category=DeprecationWarning,
[2019-11-26 21:30:23,127] {logging_mixin.py:112} INFO - [2019-11-26 21:30:23,127] {local_task_job.py:124} WARNING - Time since last heartbeat(0.01 s) < heartrate(5.0 s), sleeping for 4.985665 s
[2019-11-26 21:30:28,118] {logging_mixin.py:112} INFO - [2019-11-26 21:30:28,117] {local_task_job.py:103} INFO - Task exited with return code 0
